http://localhost/whatsapp_group_newapi/ajax/whatsapp_call_functions.php?getSingleTemplate_meta=getSingleTemplate_meta&tmpl_name=te_Sup_t00000000_24123_001!en_GB!1 : IP Address : ::1 ==> Compose Business Whatsapp Page : User : Super Admin Execute the service ({
                                   "template_name" : "te_Sup_t00000000_24123_001"
                            }) on 2024-02-26 15:02:02
http://localhost/whatsapp_group_newapi/ajax/whatsapp_call_functions.php?getSingleTemplate_meta=getSingleTemplate_meta&tmpl_name=te_Sup_t00000000_24123_001!en_GB!1 : IP Address : ::1 ==> Compose Business Whatsapp Page : User : Super Admin Execute the service ({
                                   "template_name" : "te_Sup_t00000000_24123_001"
                            }) on 2024-02-26 15:17:48
http://localhost/whatsapp_group_newapi/ajax/whatsapp_call_functions.php?getSingleTemplate_meta=getSingleTemplate_meta&tmpl_name=te_Sup_t00000000_24123_001!en_GB!1 : IP Address : ::1 ==> Compose Business Whatsapp Page : User : Super Admin Execute the service ({
                                   "template_name" : "te_Sup_t00000000_24123_001"
                            }) on 2024-02-26 16:06:37
http://localhost/whatsapp_group_newapi/ajax/whatsapp_call_functions.php?getSingleTemplate_meta=getSingleTemplate_meta&tmpl_name=te_Sup_t00000000_24224_003!en_GB!3 : IP Address : ::1 ==> Compose Business Whatsapp Page : User : Super Admin Execute the service ({
                                   "template_name" : "te_Sup_t00000000_24224_003"
                            }) on 2024-02-26 17:12:10
http://localhost/whatsapp_group_newapi/ajax/whatsapp_call_functions.php?getSingleTemplate_meta=getSingleTemplate_meta&tmpl_name=te_Sup_t00000000_24131_002!en_US!2 : IP Address : ::1 ==> Compose Business Whatsapp Page : User : Super Admin Execute the service ({
                                   "template_name" : "te_Sup_t00000000_24131_002"
                            }) on 2024-02-26 17:17:57
http://localhost/whatsapp_group_newapi/ajax/whatsapp_call_functions.php?getSingleTemplate_meta=getSingleTemplate_meta&tmpl_name=te_Sup_t00000000_24123_001!en_GB!1 : IP Address : ::1 ==> Compose Business Whatsapp Page : User : Super Admin Execute the service ({
                                   "template_name" : "te_Sup_t00000000_24123_001"
                            }) on 2024-02-26 17:18:04
http://localhost/whatsapp_group_newapi/ajax/whatsapp_call_functions.php?getSingleTemplate_meta=getSingleTemplate_meta&tmpl_name=te_Sup_t00000000_24131_002!en_US!2 : IP Address : ::1 ==> Compose Business Whatsapp Page : User : Super Admin Execute the service ({
                                   "template_name" : "te_Sup_t00000000_24131_002"
                            }) on 2024-02-26 17:18:07
http://localhost/whatsapp_group_newapi/ajax/whatsapp_call_functions.php?getSingleTemplate_meta=getSingleTemplate_meta&tmpl_name=te_Sup_t00000000_24224_003!en_GB!3 : IP Address : ::1 ==> Compose Business Whatsapp Page : User : Super Admin Execute the service ({
                                   "template_name" : "te_Sup_t00000000_24224_003"
                            }) on 2024-02-26 17:18:08
http://localhost/whatsapp_group_newapi/ajax/whatsapp_call_functions.php?getSingleTemplate_meta=getSingleTemplate_meta&tmpl_name=te_Sup_t00000000_24226_004!en_GB!4 : IP Address : ::1 ==> Compose Business Whatsapp Page : User : Super Admin Execute the service ({
                                   "template_name" : "te_Sup_t00000000_24226_004"
                            }) on 2024-02-26 17:18:11
http://localhost/whatsapp_group_newapi/ajax/whatsapp_call_functions.php?getSingleTemplate_meta=getSingleTemplate_meta&tmpl_name=te_Sup_t00000000_24123_001!en_GB!1 : IP Address : ::1 ==> Compose Business Whatsapp Page : User : Super Admin Execute the service ({
                                   "template_name" : "te_Sup_t00000000_24123_001"
                            }) on 2024-02-26 17:18:24
http://localhost/whatsapp_group_newapi/ajax/whatsapp_call_functions.php?getSingleTemplate_meta=getSingleTemplate_meta&tmpl_name=te_Sup_t00000000_24131_002!en_US!2 : IP Address : ::1 ==> Compose Business Whatsapp Page : User : Super Admin Execute the service ({
                                   "template_name" : "te_Sup_t00000000_24131_002"
                            }) on 2024-02-26 17:18:27
http://localhost/whatsapp_group_newapi/ajax/whatsapp_call_functions.php?getSingleTemplate_meta=getSingleTemplate_meta&tmpl_name=te_Sup_t00000000_24224_003!en_GB!3 : IP Address : ::1 ==> Compose Business Whatsapp Page : User : Super Admin Execute the service ({
                                   "template_name" : "te_Sup_t00000000_24224_003"
                            }) on 2024-02-26 17:18:30
http://localhost/whatsapp_group_newapi/ajax/whatsapp_call_functions.php?getSingleTemplate_meta=getSingleTemplate_meta&tmpl_name=te_Sup_t00000000_24226_004!en_GB!4 : IP Address : ::1 ==> Compose Business Whatsapp Page : User : Super Admin Execute the service ({
                                   "template_name" : "te_Sup_t00000000_24226_004"
                            }) on 2024-02-26 17:18:32
http://localhost/whatsapp_group_newapi/ajax/whatsapp_call_functions.php?getSingleTemplate_meta=getSingleTemplate_meta&tmpl_name=te_Sup_t00000000_24123_001!en_GB!1 : IP Address : ::1 ==> Compose Business Whatsapp Page : User : Super Admin Execute the service ({
                                   "template_name" : "te_Sup_t00000000_24123_001"
                            }) on 2024-02-26 19:15:26
http://localhost/whatsapp_group_newapi/ajax/whatsapp_call_functions.php?getSingleTemplate_meta=getSingleTemplate_meta&tmpl_name=te_Sup_undefined_24226_018!en_US!18 : IP Address : ::1 ==> Compose Business Whatsapp Page : User : Super Admin Execute the service ({
                                   "template_name" : "te_Sup_undefined_24226_018"
                            }) on 2024-02-26 19:15:31
http://localhost/whatsapp_group_newapi/ajax/whatsapp_call_functions.php?getSingleTemplate_meta=getSingleTemplate_meta&tmpl_name=te_Sup_undefined_24226_018!en_US!18 : IP Address : ::1 ==> Compose Business Whatsapp Page : User : Super Admin Execute the service ({
                                   "template_name" : "te_Sup_undefined_24226_018"
                            }) on 2024-02-26 19:17:35
http://localhost/whatsapp_group_newapi/ajax/whatsapp_call_functions.php?getSingleTemplate_meta=getSingleTemplate_meta&tmpl_name=te_Sup_undefined_24226_018!en_US!18 : IP Address : ::1 ==> Compose Business Whatsapp Page : User : Super Admin Execute the service ({
                                   "template_name" : "te_Sup_undefined_24226_018"
                            }) on 2024-02-26 19:20:15
http://localhost/whatsapp_group_newapi/ajax/whatsapp_call_functions.php?getSingleTemplate_meta=getSingleTemplate_meta&tmpl_name=te_Sup_undefined_24226_017!en_GB!17 : IP Address : ::1 ==> Compose Business Whatsapp Page : User : Super Admin Execute the service ({
                                   "template_name" : "te_Sup_undefined_24226_017"
                            }) on 2024-02-26 19:21:02
http://localhost/whatsapp_group_newapi/ajax/whatsapp_call_functions.php?getSingleTemplate_meta=getSingleTemplate_meta&tmpl_name=te_Sup_undefined_24226_018!en_US!18 : IP Address : ::1 ==> Compose Business Whatsapp Page : User : Super Admin Execute the service ({
                                   "template_name" : "te_Sup_undefined_24226_018"
                            }) on 2024-02-26 19:21:22
http://localhost/whatsapp_group_newapi/ajax/whatsapp_call_functions.php?getSingleTemplate_meta=getSingleTemplate_meta&tmpl_name=te_Sup_undefined_24226_016!en_US!16 : IP Address : ::1 ==> Compose Business Whatsapp Page : User : Super Admin Execute the service ({
                                   "template_name" : "te_Sup_undefined_24226_016"
                            }) on 2024-02-26 19:22:11
http://localhost/whatsapp_group_newapi/ajax/whatsapp_call_functions.php?getSingleTemplate_meta=getSingleTemplate_meta&tmpl_name=te_Sup_undefined_24226_018!en_US!18 : IP Address : ::1 ==> Compose Business Whatsapp Page : User : Super Admin Execute the service ({
                                   "template_name" : "te_Sup_undefined_24226_018"
                            }) on 2024-02-26 19:22:39
http://localhost/whatsapp_group_newapi/ajax/whatsapp_call_functions.php?getSingleTemplate_meta=getSingleTemplate_meta&tmpl_name=te_Sup_undefined_24226_011!en_US!11 : IP Address : ::1 ==> Compose Business Whatsapp Page : User : Super Admin Execute the service ({
                                   "template_name" : "te_Sup_undefined_24226_011"
                            }) on 2024-02-26 19:24:03
http://localhost/whatsapp_group_newapi/ajax/whatsapp_call_functions.php?getSingleTemplate_meta=getSingleTemplate_meta&tmpl_name=te_Sup_undefined_24226_015!en_US!15 : IP Address : ::1 ==> Compose Business Whatsapp Page : User : Super Admin Execute the service ({
                                   "template_name" : "te_Sup_undefined_24226_015"
                            }) on 2024-02-26 19:24:25
http://localhost/whatsapp_group_newapi/ajax/whatsapp_call_functions.php?getSingleTemplate_meta=getSingleTemplate_meta&tmpl_name=te_Sup_undefined_24226_018!en_US!18 : IP Address : ::1 ==> Compose Business Whatsapp Page : User : Super Admin Execute the service ({
                                   "template_name" : "te_Sup_undefined_24226_018"
                            }) on 2024-02-26 19:27:32
http://localhost/whatsapp_group_newapi/ajax/whatsapp_call_functions.php?getSingleTemplate_meta=getSingleTemplate_meta&tmpl_name=te_Sup_undefined_24226_017!en_GB!17 : IP Address : ::1 ==> Compose Business Whatsapp Page : User : Super Admin Execute the service ({
                                   "template_name" : "te_Sup_undefined_24226_017"
                            }) on 2024-02-26 19:28:14
http://localhost/whatsapp_group_newapi/ajax/whatsapp_call_functions.php?getSingleTemplate_meta=getSingleTemplate_meta&tmpl_name=te_Sup_undefined_24226_018!en_US!18 : IP Address : ::1 ==> Compose Business Whatsapp Page : User : Super Admin Execute the service ({
                                   "template_name" : "te_Sup_undefined_24226_018"
                            }) on 2024-02-26 19:30:06
http://localhost/whatsapp_group_newapi/ajax/whatsapp_call_functions.php?getSingleTemplate_meta=getSingleTemplate_meta&tmpl_name=te_Sup_undefined_24226_018!en_US!18 : IP Address : ::1 ==> Compose Business Whatsapp Page : User : Super Admin Execute the service ({
                                   "template_name" : "te_Sup_undefined_24226_018"
                            }) on 2024-02-26 19:30:57
http://localhost/whatsapp_group_newapi/ajax/whatsapp_call_functions.php?getSingleTemplate_meta=getSingleTemplate_meta&tmpl_name=te_Sup_undefined_24226_013!en_US!13 : IP Address : ::1 ==> Compose Business Whatsapp Page : User : Super Admin Execute the service ({
                                   "template_name" : "te_Sup_undefined_24226_013"
                            }) on 2024-02-26 19:31:42
http://localhost/whatsapp_group_newapi/ajax/whatsapp_call_functions.php?getSingleTemplate_meta=getSingleTemplate_meta&tmpl_name=te_Sup_undefined_24226_009!en_GB!9 : IP Address : ::1 ==> Compose Business Whatsapp Page : User : Super Admin Execute the service ({
                                   "template_name" : "te_Sup_undefined_24226_009"
                            }) on 2024-02-26 19:31:56
http://localhost/whatsapp_group_newapi/ajax/whatsapp_call_functions.php?getSingleTemplate_meta=getSingleTemplate_meta&tmpl_name=te_Sup_undefined_24226_012!en_US!12 : IP Address : ::1 ==> Compose Business Whatsapp Page : User : Super Admin Execute the service ({
                                   "template_name" : "te_Sup_undefined_24226_012"
                            }) on 2024-02-26 19:32:21
http://localhost/whatsapp_group_newapi/ajax/whatsapp_call_functions.php?getSingleTemplate_meta=getSingleTemplate_meta&tmpl_name=te_Sup_undefined_24226_018!en_US!18 : IP Address : ::1 ==> Compose Business Whatsapp Page : User : Super Admin Execute the service ({
                                   "template_name" : "te_Sup_undefined_24226_018"
                            }) on 2024-02-26 19:32:41
http://localhost/whatsapp_group_newapi/ajax/whatsapp_call_functions.php?getSingleTemplate_meta=getSingleTemplate_meta&tmpl_name=te_Sup_undefined_24226_008!en_US!8 : IP Address : ::1 ==> Compose Business Whatsapp Page : User : Super Admin Execute the service ({
                                   "template_name" : "te_Sup_undefined_24226_008"
                            }) on 2024-02-26 19:33:34
http://localhost/whatsapp_group_newapi/ajax/whatsapp_call_functions.php?getSingleTemplate_meta=getSingleTemplate_meta&tmpl_name=te_Sup_undefined_24226_016!en_US!16 : IP Address : ::1 ==> Compose Business Whatsapp Page : User : Super Admin Execute the service ({
                                   "template_name" : "te_Sup_undefined_24226_016"
                            }) on 2024-02-26 19:34:35
http://localhost/whatsapp_group_newapi/ajax/whatsapp_call_functions.php?getSingleTemplate_meta=getSingleTemplate_meta&tmpl_name=te_Sup_undefined_24226_007!en_US!7 : IP Address : ::1 ==> Compose Business Whatsapp Page : User : Super Admin Execute the service ({
                                   "template_name" : "te_Sup_undefined_24226_007"
                            }) on 2024-02-26 19:35:11
http://localhost/whatsapp_group_newapi/ajax/whatsapp_call_functions.php?getSingleTemplate_meta=getSingleTemplate_meta&tmpl_name=te_Sup_undefined_24226_018!en_US!18 : IP Address : ::1 ==> Compose Business Whatsapp Page : User : Super Admin Execute the service ({
                                   "template_name" : "te_Sup_undefined_24226_018"
                            }) on 2024-02-26 19:36:26
http://localhost/whatsapp_group_newapi/ajax/whatsapp_call_functions.php?getSingleTemplate_meta=getSingleTemplate_meta&tmpl_name=te_Sup_undefined_24226_017!en_GB!17 : IP Address : ::1 ==> Compose Business Whatsapp Page : User : Super Admin Execute the service ({
                                   "template_name" : "te_Sup_undefined_24226_017"
                            }) on 2024-02-26 19:36:57
http://localhost/whatsapp_group_newapi/ajax/whatsapp_call_functions.php?getSingleTemplate_meta=getSingleTemplate_meta&tmpl_name=te_Sup_undefined_24226_012!en_US!12 : IP Address : ::1 ==> Compose Business Whatsapp Page : User : Super Admin Execute the service ({
                                   "template_name" : "te_Sup_undefined_24226_012"
                            }) on 2024-02-26 19:37:24
http://localhost/whatsapp_group_newapi/ajax/whatsapp_call_functions.php?getSingleTemplate_meta=getSingleTemplate_meta&tmpl_name=te_Sup_undefined_24226_018!en_US!18 : IP Address : ::1 ==> Compose Business Whatsapp Page : User : Super Admin Execute the service ({
                                   "template_name" : "te_Sup_undefined_24226_018"
                            }) on 2024-02-26 19:37:36
http://localhost/whatsapp_group_newapi/ajax/whatsapp_call_functions.php?getSingleTemplate_meta=getSingleTemplate_meta&tmpl_name=te_Sup_undefined_24226_018!en_US!18 : IP Address : ::1 ==> Compose Business Whatsapp Page : User : Super Admin Execute the service ({
                                   "template_name" : "te_Sup_undefined_24226_018"
                            }) on 2024-02-26 19:38:09
http://localhost/whatsapp_group_newapi/ajax/whatsapp_call_functions.php?getSingleTemplate_meta=getSingleTemplate_meta&tmpl_name=te_Sup_undefined_24226_017!en_GB!17 : IP Address : ::1 ==> Compose Business Whatsapp Page : User : Super Admin Execute the service ({
                                   "template_name" : "te_Sup_undefined_24226_017"
                            }) on 2024-02-26 19:38:45
http://localhost/whatsapp_group_newapi/ajax/whatsapp_call_functions.php?getSingleTemplate_meta=getSingleTemplate_meta&tmpl_name=te_Sup_undefined_24226_017!en_GB!17 : IP Address : ::1 ==> Compose Business Whatsapp Page : User : Super Admin Execute the service ({
                                   "template_name" : "te_Sup_undefined_24226_017"
                            }) on 2024-02-26 19:39:21
http://localhost/whatsapp_group_newapi/ajax/whatsapp_call_functions.php?getSingleTemplate_meta=getSingleTemplate_meta&tmpl_name=te_Sup_undefined_24226_018!en_US!18 : IP Address : ::1 ==> Compose Business Whatsapp Page : User : Super Admin Execute the service ({
                                   "template_name" : "te_Sup_undefined_24226_018"
                            }) on 2024-02-26 19:39:54
http://localhost/whatsapp_group_newapi/ajax/whatsapp_call_functions.php?getSingleTemplate_meta=getSingleTemplate_meta&tmpl_name=te_Sup_undefined_24226_018!en_US!18 : IP Address : ::1 ==> Compose Business Whatsapp Page : User : Super Admin Execute the service ({
                                   "template_name" : "te_Sup_undefined_24226_018"
                            }) on 2024-02-26 19:41:26
http://localhost/whatsapp_group_newapi/ajax/whatsapp_call_functions.php?getSingleTemplate_meta=getSingleTemplate_meta&tmpl_name=te_Sup_undefined_24226_018!en_US!18 : IP Address : ::1 ==> Compose Business Whatsapp Page : User : Super Admin Execute the service ({
                                   "template_name" : "te_Sup_undefined_24226_018"
                            }) on 2024-02-26 19:42:33
http://localhost/whatsapp_group_newapi/ajax/whatsapp_call_functions.php?getSingleTemplate_meta=getSingleTemplate_meta&tmpl_name=te_Sup_undefined_24226_018!en_US!18 : IP Address : ::1 ==> Compose Business Whatsapp Page : User : Super Admin Execute the service ({
                                   "template_name" : "te_Sup_undefined_24226_018"
                            }) on 2024-02-26 19:44:00
http://localhost/whatsapp_group_newapi/ajax/whatsapp_call_functions.php?getSingleTemplate_meta=getSingleTemplate_meta&tmpl_name=te_Sup_undefined_24226_018!en_US!18 : IP Address : ::1 ==> Compose Business Whatsapp Page : User : Super Admin Execute the service ({
                                   "template_name" : "te_Sup_undefined_24226_018"
                            }) on 2024-02-26 19:50:39
http://localhost/whatsapp_group_newapi/ajax/whatsapp_call_functions.php?getSingleTemplate_meta=getSingleTemplate_meta&tmpl_name=te_Sup_undefined_24226_017!en_GB!17 : IP Address : ::1 ==> Compose Business Whatsapp Page : User : Super Admin Execute the service ({
                                   "template_name" : "te_Sup_undefined_24226_017"
                            }) on 2024-02-26 19:51:28
http://localhost/whatsapp_group_newapi/ajax/whatsapp_call_functions.php?getSingleTemplate_meta=getSingleTemplate_meta&tmpl_name=te_Sup_undefined_24226_018!en_US!18 : IP Address : ::1 ==> Compose Business Whatsapp Page : User : Super Admin Execute the service ({
                                   "template_name" : "te_Sup_undefined_24226_018"
                            }) on 2024-02-26 19:51:34
http://localhost/whatsapp_group_newapi/ajax/whatsapp_call_functions.php?getSingleTemplate_meta=getSingleTemplate_meta&tmpl_name=te_Sup_undefined_24226_018!en_US!18 : IP Address : ::1 ==> Compose Business Whatsapp Page : User : Super Admin Execute the service ({
                                   "template_name" : "te_Sup_undefined_24226_018"
                            }) on 2024-02-26 19:51:45
http://localhost/whatsapp_group_newapi/ajax/whatsapp_call_functions.php?getSingleTemplate_meta=getSingleTemplate_meta&tmpl_name=te_Sup_undefined_24226_018!en_US!18 : IP Address : ::1 ==> Compose Business Whatsapp Page : User : Super Admin Execute the service ({
                                   "template_name" : "te_Sup_undefined_24226_018"
                            }) on 2024-02-26 19:52:39
http://localhost/whatsapp_group_newapi/ajax/whatsapp_call_functions.php?getSingleTemplate_meta=getSingleTemplate_meta&tmpl_name=te_Sup_undefined_24226_018!en_US!18 : IP Address : ::1 ==> Compose Business Whatsapp Page : User : Super Admin Execute the service ({
                                   "template_name" : "te_Sup_undefined_24226_018"
                            }) on 2024-02-26 19:53:02
http://localhost/whatsapp_group_newapi/ajax/whatsapp_call_functions.php?getSingleTemplate_meta=getSingleTemplate_meta&tmpl_name=te_Sup_undefined_24226_018!en_US!18 : IP Address : ::1 ==> Compose Business Whatsapp Page : User : Super Admin Execute the service ({
                                   "template_name" : "te_Sup_undefined_24226_018"
                            }) on 2024-02-26 19:53:52
http://localhost/whatsapp_group_newapi/ajax/whatsapp_call_functions.php?getSingleTemplate_meta=getSingleTemplate_meta&tmpl_name=te_Sup_undefined_24226_018!en_US!18 : IP Address : ::1 ==> Compose Business Whatsapp Page : User : Super Admin Execute the service ({
                                   "template_name" : "te_Sup_undefined_24226_018"
                            }) on 2024-02-26 19:54:22
http://localhost/whatsapp_group_newapi/ajax/whatsapp_call_functions.php?getSingleTemplate_meta=getSingleTemplate_meta&tmpl_name=te_Sup_undefined_24226_018!en_US!18 : IP Address : ::1 ==> Compose Business Whatsapp Page : User : Super Admin Execute the service ({
                                   "template_name" : "te_Sup_undefined_24226_018"
                            }) on 2024-02-26 19:54:54
http://localhost/whatsapp_group_newapi/ajax/whatsapp_call_functions.php?getSingleTemplate_meta=getSingleTemplate_meta&tmpl_name=te_Sup_undefined_24226_017!en_GB!17 : IP Address : ::1 ==> Compose Business Whatsapp Page : User : Super Admin Execute the service ({
                                   "template_name" : "te_Sup_undefined_24226_017"
                            }) on 2024-02-26 19:55:17
http://localhost/whatsapp_group_newapi/ajax/whatsapp_call_functions.php?getSingleTemplate_meta=getSingleTemplate_meta&tmpl_name=te_Sup_undefined_24226_018!en_US!18 : IP Address : ::1 ==> Compose Business Whatsapp Page : User : Super Admin Execute the service ({
                                   "template_name" : "te_Sup_undefined_24226_018"
                            }) on 2024-02-26 19:55:33
http://localhost/whatsapp_group_newapi/ajax/whatsapp_call_functions.php?getSingleTemplate_meta=getSingleTemplate_meta&tmpl_name=te_Sup_undefined_24226_017!en_GB!17 : IP Address : ::1 ==> Compose Business Whatsapp Page : User : Super Admin Execute the service ({
                                   "template_name" : "te_Sup_undefined_24226_017"
                            }) on 2024-02-26 19:55:58
http://localhost/whatsapp_group_newapi/ajax/whatsapp_call_functions.php?getSingleTemplate_meta=getSingleTemplate_meta&tmpl_name=te_Sup_undefined_24226_018!en_US!18 : IP Address : ::1 ==> Compose Business Whatsapp Page : User : Super Admin Execute the service ({
                                   "template_name" : "te_Sup_undefined_24226_018"
                            }) on 2024-02-26 19:56:29
http://localhost/whatsapp_group_newapi/ajax/whatsapp_call_functions.php?getSingleTemplate_meta=getSingleTemplate_meta&tmpl_name=te_Sup_undefined_24226_018! : IP Address : ::1 ==> Compose Business Whatsapp Page : User : Super Admin Execute the service ({
                                   "template_name" : "te_Sup_undefined_24226_018"
                            }) on 2024-02-26 19:57:14
